[2024-12-09 13:28:02] local.ERROR: require(/workspace/levelup-coding/routes/auth.php): Failed to open stream: No such file or directory {"exception":"[object] (ErrorException(code: 0): require(/workspace/levelup-coding/routes/auth.php): Failed to open stream: No such file or directory at /workspace/levelup-coding/routes/web.php:42)
[stacktrace]
#0 /workspace/levelup-coding/vendor/laravel/framework/src/Illuminate/Foundation/Bootstrap/HandleExceptions.php(281): Illuminate\\Foundation\\Bootstrap\\HandleExceptions->handleError()
#1 /workspace/levelup-coding/routes/web.php(42): Illuminate\\Foundation\\Bootstrap\\HandleExceptions->Illuminate\\Foundation\\Bootstrap\\{closure}()
#2 /workspace/levelup-coding/routes/web.php(42): require('...')
#3 /workspace/levelup-coding/vendor/laravel/framework/src/Illuminate/Routing/RouteFileRegistrar.php(35): require('...')
#4 /workspace/levelup-coding/vendor/laravel/framework/src/Illuminate/Routing/Router.php(513): Illuminate\\Routing\\RouteFileRegistrar->register()
#5 /workspace/levelup-coding/vendor/laravel/framework/src/Illuminate/Routing/Router.php(467): Illuminate\\Routing\\Router->loadRoutes()
#6 /workspace/levelup-coding/vendor/laravel/framework/src/Illuminate/Routing/RouteRegistrar.php(199): Illuminate\\Routing\\Router->group()
#7 /workspace/levelup-coding/vendor/laravel/framework/src/Illuminate/Foundation/Configuration/ApplicationBuilder.php(242): Illuminate\\Routing\\RouteRegistrar->group()
#8 /workspace/levelup-coding/vendor/laravel/framework/src/Illuminate/Container/BoundMethod.php(36): Illuminate\\Foundation\\Configuration\\ApplicationBuilder->Illuminate\\Foundation\\Configuration\\{closure}()
#9 /workspace/levelup-coding/vendor/laravel/framework/src/Illuminate/Container/Util.php(43): Illuminate\\Container\\BoundMethod::Illuminate\\Container\\{closure}()
#10 /workspace/levelup-coding/vendor/laravel/framework/src/Illuminate/Container/BoundMethod.php(83): Illuminate\\Container\\Util::unwrapIfClosure()
#11 /workspace/levelup-coding/vendor/laravel/framework/src/Illuminate/Container/BoundMethod.php(35): Illuminate\\Container\\BoundMethod::callBoundMethod()
#12 /workspace/levelup-coding/vendor/laravel/framework/src/Illuminate/Container/Container.php(694): Illuminate\\Container\\BoundMethod::call()
#13 /workspace/levelup-coding/vendor/laravel/framework/src/Illuminate/Foundation/Support/Providers/RouteServiceProvider.php(162): Illuminate\\Container\\Container->call()
#14 /workspace/levelup-coding/vendor/laravel/framework/src/Illuminate/Foundation/Support/Providers/RouteServiceProvider.php(59): Illuminate\\Foundation\\Support\\Providers\\RouteServiceProvider->loadRoutes()
#15 /workspace/levelup-coding/vendor/laravel/framework/src/Illuminate/Container/BoundMethod.php(36): Illuminate\\Foundation\\Support\\Providers\\RouteServiceProvider->Illuminate\\Foundation\\Support\\Providers\\{closure}()
#16 /workspace/levelup-coding/vendor/laravel/framework/src/Illuminate/Container/Util.php(43): Illuminate\\Container\\BoundMethod::Illuminate\\Container\\{closure}()
#17 /workspace/levelup-coding/vendor/laravel/framework/src/Illuminate/Container/BoundMethod.php(83): Illuminate\\Container\\Util::unwrapIfClosure()
#18 /workspace/levelup-coding/vendor/laravel/framework/src/Illuminate/Container/BoundMethod.php(35): Illuminate\\Container\\BoundMethod::callBoundMethod()
#19 /workspace/levelup-coding/vendor/laravel/framework/src/Illuminate/Container/Container.php(694): Illuminate\\Container\\BoundMethod::call()
#20 /workspace/levelup-coding/vendor/laravel/framework/src/Illuminate/Support/ServiceProvider.php(144): Illuminate\\Container\\Container->call()
#21 /workspace/levelup-coding/vendor/laravel/framework/src/Illuminate/Foundation/Application.php(1124): Illuminate\\Support\\ServiceProvider->callBootedCallbacks()
#22 /workspace/levelup-coding/vendor/laravel/framework/src/Illuminate/Foundation/Application.php(1102): Illuminate\\Foundation\\Application->bootProvider()
#23 [internal function]: Illuminate\\Foundation\\Application->Illuminate\\Foundation\\{closure}()
#24 /workspace/levelup-coding/vendor/laravel/framework/src/Illuminate/Foundation/Application.php(1101): array_walk()
#25 /workspace/levelup-coding/vendor/laravel/framework/src/Illuminate/Foundation/Bootstrap/BootProviders.php(17): Illuminate\\Foundation\\Application->boot()
#26 /workspace/levelup-coding/vendor/laravel/framework/src/Illuminate/Foundation/Application.php(316): Illuminate\\Foundation\\Bootstrap\\BootProviders->bootstrap()
#27 /workspace/levelup-coding/vendor/laravel/framework/src/Illuminate/Foundation/Console/Kernel.php(473): Illuminate\\Foundation\\Application->bootstrapWith()
#28 /workspace/levelup-coding/vendor/laravel/framework/src/Illuminate/Foundation/Console/Kernel.php(195): Illuminate\\Foundation\\Console\\Kernel->bootstrap()
#29 /workspace/levelup-coding/vendor/laravel/framework/src/Illuminate/Foundation/Application.php(1205): Illuminate\\Foundation\\Console\\Kernel->handle()
#30 /workspace/levelup-coding/artisan(13): Illuminate\\Foundation\\Application->handleCommand()
#31 {main}
"} 
[2024-12-09 13:28:52] local.ERROR: require(/workspace/levelup-coding/routes/auth.php): Failed to open stream: No such file or directory {"exception":"[object] (ErrorException(code: 0): require(/workspace/levelup-coding/routes/auth.php): Failed to open stream: No such file or directory at /workspace/levelup-coding/routes/web.php:42)
[stacktrace]
#0 /workspace/levelup-coding/vendor/laravel/framework/src/Illuminate/Foundation/Bootstrap/HandleExceptions.php(281): Illuminate\\Foundation\\Bootstrap\\HandleExceptions->handleError()
#1 /workspace/levelup-coding/routes/web.php(42): Illuminate\\Foundation\\Bootstrap\\HandleExceptions->Illuminate\\Foundation\\Bootstrap\\{closure}()
#2 /workspace/levelup-coding/routes/web.php(42): require('...')
#3 /workspace/levelup-coding/vendor/laravel/framework/src/Illuminate/Routing/RouteFileRegistrar.php(35): require('...')
#4 /workspace/levelup-coding/vendor/laravel/framework/src/Illuminate/Routing/Router.php(513): Illuminate\\Routing\\RouteFileRegistrar->register()
#5 /workspace/levelup-coding/vendor/laravel/framework/src/Illuminate/Routing/Router.php(467): Illuminate\\Routing\\Router->loadRoutes()
#6 /workspace/levelup-coding/vendor/laravel/framework/src/Illuminate/Routing/RouteRegistrar.php(199): Illuminate\\Routing\\Router->group()
#7 /workspace/levelup-coding/vendor/laravel/framework/src/Illuminate/Foundation/Configuration/ApplicationBuilder.php(242): Illuminate\\Routing\\RouteRegistrar->group()
#8 /workspace/levelup-coding/vendor/laravel/framework/src/Illuminate/Container/BoundMethod.php(36): Illuminate\\Foundation\\Configuration\\ApplicationBuilder->Illuminate\\Foundation\\Configuration\\{closure}()
#9 /workspace/levelup-coding/vendor/laravel/framework/src/Illuminate/Container/Util.php(43): Illuminate\\Container\\BoundMethod::Illuminate\\Container\\{closure}()
#10 /workspace/levelup-coding/vendor/laravel/framework/src/Illuminate/Container/BoundMethod.php(83): Illuminate\\Container\\Util::unwrapIfClosure()
#11 /workspace/levelup-coding/vendor/laravel/framework/src/Illuminate/Container/BoundMethod.php(35): Illuminate\\Container\\BoundMethod::callBoundMethod()
#12 /workspace/levelup-coding/vendor/laravel/framework/src/Illuminate/Container/Container.php(694): Illuminate\\Container\\BoundMethod::call()
#13 /workspace/levelup-coding/vendor/laravel/framework/src/Illuminate/Foundation/Support/Providers/RouteServiceProvider.php(162): Illuminate\\Container\\Container->call()
#14 /workspace/levelup-coding/vendor/laravel/framework/src/Illuminate/Foundation/Support/Providers/RouteServiceProvider.php(59): Illuminate\\Foundation\\Support\\Providers\\RouteServiceProvider->loadRoutes()
#15 /workspace/levelup-coding/vendor/laravel/framework/src/Illuminate/Container/BoundMethod.php(36): Illuminate\\Foundation\\Support\\Providers\\RouteServiceProvider->Illuminate\\Foundation\\Support\\Providers\\{closure}()
#16 /workspace/levelup-coding/vendor/laravel/framework/src/Illuminate/Container/Util.php(43): Illuminate\\Container\\BoundMethod::Illuminate\\Container\\{closure}()
#17 /workspace/levelup-coding/vendor/laravel/framework/src/Illuminate/Container/BoundMethod.php(83): Illuminate\\Container\\Util::unwrapIfClosure()
#18 /workspace/levelup-coding/vendor/laravel/framework/src/Illuminate/Container/BoundMethod.php(35): Illuminate\\Container\\BoundMethod::callBoundMethod()
#19 /workspace/levelup-coding/vendor/laravel/framework/src/Illuminate/Container/Container.php(694): Illuminate\\Container\\BoundMethod::call()
#20 /workspace/levelup-coding/vendor/laravel/framework/src/Illuminate/Support/ServiceProvider.php(144): Illuminate\\Container\\Container->call()
#21 /workspace/levelup-coding/vendor/laravel/framework/src/Illuminate/Foundation/Application.php(1124): Illuminate\\Support\\ServiceProvider->callBootedCallbacks()
#22 /workspace/levelup-coding/vendor/laravel/framework/src/Illuminate/Foundation/Application.php(1102): Illuminate\\Foundation\\Application->bootProvider()
#23 [internal function]: Illuminate\\Foundation\\Application->Illuminate\\Foundation\\{closure}()
#24 /workspace/levelup-coding/vendor/laravel/framework/src/Illuminate/Foundation/Application.php(1101): array_walk()
#25 /workspace/levelup-coding/vendor/laravel/framework/src/Illuminate/Foundation/Bootstrap/BootProviders.php(17): Illuminate\\Foundation\\Application->boot()
#26 /workspace/levelup-coding/vendor/laravel/framework/src/Illuminate/Foundation/Application.php(316): Illuminate\\Foundation\\Bootstrap\\BootProviders->bootstrap()
#27 /workspace/levelup-coding/vendor/laravel/framework/src/Illuminate/Foundation/Console/Kernel.php(473): Illuminate\\Foundation\\Application->bootstrapWith()
#28 /workspace/levelup-coding/vendor/laravel/framework/src/Illuminate/Foundation/Console/Kernel.php(195): Illuminate\\Foundation\\Console\\Kernel->bootstrap()
#29 /workspace/levelup-coding/vendor/laravel/framework/src/Illuminate/Foundation/Application.php(1205): Illuminate\\Foundation\\Console\\Kernel->handle()
#30 /workspace/levelup-coding/artisan(13): Illuminate\\Foundation\\Application->handleCommand()
#31 {main}
"} 
